The system is: Linux - 3.10.0-229.14.1.el7.x86_64 - x86_64
Compiling the CXX compiler identification source file "CMakeCXXCompilerId.cpp" succeeded.
Compiler: /workspace/Library/OpenMPI/Install/bin/mpicxx 
Build flags: 
Id flags: 

The output was:
0


Compilation of the CXX compiler identification source "CMakeCXXCompilerId.cpp" produced "a.out"

The CXX compiler identification is GNU, found in "/workspace/Shared/All_Codes/deal_II/AVENIS/AVENIS/build2/CMakeFiles/2.8.11/CompilerIdCXX/a.out"

Determining if the CXX compiler works passed with the following output:
Change Dir: /workspace/Shared/All_Codes/deal_II/AVENIS/AVENIS/build2/CMakeFiles/CMakeTmp

Run Build Command:/usr/bin/gmake "cmTryCompileExec2922400604/fast"
/usr/bin/gmake -f CMakeFiles/cmTryCompileExec2922400604.dir/build.make CMakeFiles/cmTryCompileExec2922400604.dir/build
gmake[1]: Entering directory `/workspace/Shared/All_Codes/deal_II/AVENIS/AVENIS/build2/CMakeFiles/CMakeTmp'
/usr/bin/cmake -E cmake_progress_report /workspace/Shared/All_Codes/deal_II/AVENIS/AVENIS/build2/CMakeFiles/CMakeTmp/CMakeFiles 1
Building CXX object CMakeFiles/cmTryCompileExec2922400604.dir/testCXXCompiler.cxx.o
/workspace/Library/OpenMPI/Install/bin/mpicxx     -o CMakeFiles/cmTryCompileExec2922400604.dir/testCXXCompiler.cxx.o -c /workspace/Shared/All_Codes/deal_II/AVENIS/AVENIS/build2/CMakeFiles/CMakeTmp/testCXXCompiler.cxx
Linking CXX executable cmTryCompileExec2922400604
/usr/bin/cmake -E cmake_link_script CMakeFiles/cmTryCompileExec2922400604.dir/link.txt --verbose=1
/workspace/Library/OpenMPI/Install/bin/mpicxx          CMakeFiles/cmTryCompileExec2922400604.dir/testCXXCompiler.cxx.o  -o cmTryCompileExec2922400604 -rdynamic 
gmake[1]: Leaving directory `/workspace/Shared/All_Codes/deal_II/AVENIS/AVENIS/build2/CMakeFiles/CMakeTmp'


Detecting CXX compiler ABI info compiled with the following output:
Change Dir: /workspace/Shared/All_Codes/deal_II/AVENIS/AVENIS/build2/CMakeFiles/CMakeTmp

Run Build Command:/usr/bin/gmake "cmTryCompileExec2546607637/fast"
/usr/bin/gmake -f CMakeFiles/cmTryCompileExec2546607637.dir/build.make CMakeFiles/cmTryCompileExec2546607637.dir/build
gmake[1]: Entering directory `/workspace/Shared/All_Codes/deal_II/AVENIS/AVENIS/build2/CMakeFiles/CMakeTmp'
/usr/bin/cmake -E cmake_progress_report /workspace/Shared/All_Codes/deal_II/AVENIS/AVENIS/build2/CMakeFiles/CMakeTmp/CMakeFiles 1
Building CXX object CMakeFiles/cmTryCompileExec2546607637.dir/CMakeCXXCompilerABI.cpp.o
/workspace/Library/OpenMPI/Install/bin/mpicxx     -o CMakeFiles/cmTryCompileExec2546607637.dir/CMakeCXXCompilerABI.cpp.o -c /usr/share/cmake/Modules/CMakeCXXCompilerABI.cpp
Linking CXX executable cmTryCompileExec2546607637
/usr/bin/cmake -E cmake_link_script CMakeFiles/cmTryCompileExec2546607637.dir/link.txt --verbose=1
/workspace/Library/OpenMPI/Install/bin/mpicxx        -v CMakeFiles/cmTryCompileExec2546607637.dir/CMakeCXXCompilerABI.cpp.o  -o cmTryCompileExec2546607637 -rdynamic  
Using built-in specs.
COLLECT_GCC=/usr/bin/g++
COLLECT_LTO_WRAPPER=/usr/libexec/gcc/x86_64-redhat-linux/4.8.3/lto-wrapper
Target: x86_64-redhat-linux
Configured with: ../configure --prefix=/usr --mandir=/usr/share/man --infodir=/usr/share/info --with-bugurl=http://bugzilla.redhat.com/bugzilla --enable-bootstrap --enable-shared --enable-threads=posix --enable-checking=release --with-system-zlib --enable-__cxa_atexit --disable-libunwind-exceptions --enable-gnu-unique-object --enable-linker-build-id --with-linker-hash-style=gnu --enable-languages=c,c++,objc,obj-c++,java,fortran,ada,go,lto --enable-plugin --enable-initfini-array --disable-libgcj --with-isl=/builddir/build/BUILD/gcc-4.8.3-20140911/obj-x86_64-redhat-linux/isl-install --with-cloog=/builddir/build/BUILD/gcc-4.8.3-20140911/obj-x86_64-redhat-linux/cloog-install --enable-gnu-indirect-function --with-tune=generic --with-arch_32=x86-64 --build=x86_64-redhat-linux
Thread model: posix
gcc version 4.8.3 20140911 (Red Hat 4.8.3-9) (GCC) 
COMPILER_PATH=/usr/libexec/gcc/x86_64-redhat-linux/4.8.3/:/usr/libexec/gcc/x86_64-redhat-linux/4.8.3/:/usr/libexec/gcc/x86_64-redhat-linux/:/usr/lib/gcc/x86_64-redhat-linux/4.8.3/:/usr/lib/gcc/x86_64-redhat-linux/
LIBRARY_PATH=/usr/lib/gcc/x86_64-redhat-linux/4.8.3/:/usr/lib/gcc/x86_64-redhat-linux/4.8.3/../../../../lib64/:/lib/../lib64/:/usr/lib/../lib64/:/usr/lib/gcc/x86_64-redhat-linux/4.8.3/../../../:/lib/:/usr/lib/
COLLECT_GCC_OPTIONS='-v' '-o' 'cmTryCompileExec2546607637' '-rdynamic' '-I' '/workspace/Library/OpenMPI/Install/include' '-pthread' '-L/workspace/Library/OpenMPI/Install/lib' '-shared-libgcc' '-mtune=generic' '-march=x86-64'
 /usr/libexec/gcc/x86_64-redhat-linux/4.8.3/collect2 --build-id --no-add-needed --eh-frame-hdr --hash-style=gnu -m elf_x86_64 -export-dynamic -dynamic-linker /lib64/ld-linux-x86-64.so.2 -o cmTryCompileExec2546607637 /usr/lib/gcc/x86_64-redhat-linux/4.8.3/../../../../lib64/crt1.o /usr/lib/gcc/x86_64-redhat-linux/4.8.3/../../../../lib64/crti.o /usr/lib/gcc/x86_64-redhat-linux/4.8.3/crtbegin.o -L/workspace/Library/OpenMPI/Install/lib -L/usr/lib/gcc/x86_64-redhat-linux/4.8.3 -L/usr/lib/gcc/x86_64-redhat-linux/4.8.3/../../../../lib64 -L/lib/../lib64 -L/usr/lib/../lib64 -L/usr/lib/gcc/x86_64-redhat-linux/4.8.3/../../.. CMakeFiles/cmTryCompileExec2546607637.dir/CMakeCXXCompilerABI.cpp.o -rpath /workspace/Library/OpenMPI/Install/lib --enable-new-dtags -lmpi_cxx -lmpi -lstdc++ -lm -lgcc_s -lgcc -lpthread -lc -lgcc_s -lgcc /usr/lib/gcc/x86_64-redhat-linux/4.8.3/crtend.o /usr/lib/gcc/x86_64-redhat-linux/4.8.3/../../../../lib64/crtn.o
gmake[1]: Leaving directory `/workspace/Shared/All_Codes/deal_II/AVENIS/AVENIS/build2/CMakeFiles/CMakeTmp'


Parsed CXX implicit link information from above output:
  link line regex: [^( *|.*[/\])(ld|ld|collect2)[^/\]*( |$)]
  ignore line: [Change Dir: /workspace/Shared/All_Codes/deal_II/AVENIS/AVENIS/build2/CMakeFiles/CMakeTmp]
  ignore line: []
  ignore line: [Run Build Command:/usr/bin/gmake "cmTryCompileExec2546607637/fast"]
  ignore line: [/usr/bin/gmake -f CMakeFiles/cmTryCompileExec2546607637.dir/build.make CMakeFiles/cmTryCompileExec2546607637.dir/build]
  ignore line: [gmake[1]: Entering directory `/workspace/Shared/All_Codes/deal_II/AVENIS/AVENIS/build2/CMakeFiles/CMakeTmp']
  ignore line: [/usr/bin/cmake -E cmake_progress_report /workspace/Shared/All_Codes/deal_II/AVENIS/AVENIS/build2/CMakeFiles/CMakeTmp/CMakeFiles 1]
  ignore line: [Building CXX object CMakeFiles/cmTryCompileExec2546607637.dir/CMakeCXXCompilerABI.cpp.o]
  ignore line: [/workspace/Library/OpenMPI/Install/bin/mpicxx     -o CMakeFiles/cmTryCompileExec2546607637.dir/CMakeCXXCompilerABI.cpp.o -c /usr/share/cmake/Modules/CMakeCXXCompilerABI.cpp]
  ignore line: [Linking CXX executable cmTryCompileExec2546607637]
  ignore line: [/usr/bin/cmake -E cmake_link_script CMakeFiles/cmTryCompileExec2546607637.dir/link.txt --verbose=1]
  ignore line: [/workspace/Library/OpenMPI/Install/bin/mpicxx        -v CMakeFiles/cmTryCompileExec2546607637.dir/CMakeCXXCompilerABI.cpp.o  -o cmTryCompileExec2546607637 -rdynamic  ]
  ignore line: [Using built-in specs.]
  ignore line: [COLLECT_GCC=/usr/bin/g++]
  ignore line: [COLLECT_LTO_WRAPPER=/usr/libexec/gcc/x86_64-redhat-linux/4.8.3/lto-wrapper]
  ignore line: [Target: x86_64-redhat-linux]
  ignore line: [Configured with: ../configure --prefix=/usr --mandir=/usr/share/man --infodir=/usr/share/info --with-bugurl=http://bugzilla.redhat.com/bugzilla --enable-bootstrap --enable-shared --enable-threads=posix --enable-checking=release --with-system-zlib --enable-__cxa_atexit --disable-libunwind-exceptions --enable-gnu-unique-object --enable-linker-build-id --with-linker-hash-style=gnu --enable-languages=c,c++,objc,obj-c++,java,fortran,ada,go,lto --enable-plugin --enable-initfini-array --disable-libgcj --with-isl=/builddir/build/BUILD/gcc-4.8.3-20140911/obj-x86_64-redhat-linux/isl-install --with-cloog=/builddir/build/BUILD/gcc-4.8.3-20140911/obj-x86_64-redhat-linux/cloog-install --enable-gnu-indirect-function --with-tune=generic --with-arch_32=x86-64 --build=x86_64-redhat-linux]
  ignore line: [Thread model: posix]
  ignore line: [gcc version 4.8.3 20140911 (Red Hat 4.8.3-9) (GCC) ]
  ignore line: [COMPILER_PATH=/usr/libexec/gcc/x86_64-redhat-linux/4.8.3/:/usr/libexec/gcc/x86_64-redhat-linux/4.8.3/:/usr/libexec/gcc/x86_64-redhat-linux/:/usr/lib/gcc/x86_64-redhat-linux/4.8.3/:/usr/lib/gcc/x86_64-redhat-linux/]
  ignore line: [LIBRARY_PATH=/usr/lib/gcc/x86_64-redhat-linux/4.8.3/:/usr/lib/gcc/x86_64-redhat-linux/4.8.3/../../../../lib64/:/lib/../lib64/:/usr/lib/../lib64/:/usr/lib/gcc/x86_64-redhat-linux/4.8.3/../../../:/lib/:/usr/lib/]
  ignore line: [COLLECT_GCC_OPTIONS='-v' '-o' 'cmTryCompileExec2546607637' '-rdynamic' '-I' '/workspace/Library/OpenMPI/Install/include' '-pthread' '-L/workspace/Library/OpenMPI/Install/lib' '-shared-libgcc' '-mtune=generic' '-march=x86-64']
  link line: [ /usr/libexec/gcc/x86_64-redhat-linux/4.8.3/collect2 --build-id --no-add-needed --eh-frame-hdr --hash-style=gnu -m elf_x86_64 -export-dynamic -dynamic-linker /lib64/ld-linux-x86-64.so.2 -o cmTryCompileExec2546607637 /usr/lib/gcc/x86_64-redhat-linux/4.8.3/../../../../lib64/crt1.o /usr/lib/gcc/x86_64-redhat-linux/4.8.3/../../../../lib64/crti.o /usr/lib/gcc/x86_64-redhat-linux/4.8.3/crtbegin.o -L/workspace/Library/OpenMPI/Install/lib -L/usr/lib/gcc/x86_64-redhat-linux/4.8.3 -L/usr/lib/gcc/x86_64-redhat-linux/4.8.3/../../../../lib64 -L/lib/../lib64 -L/usr/lib/../lib64 -L/usr/lib/gcc/x86_64-redhat-linux/4.8.3/../../.. CMakeFiles/cmTryCompileExec2546607637.dir/CMakeCXXCompilerABI.cpp.o -rpath /workspace/Library/OpenMPI/Install/lib --enable-new-dtags -lmpi_cxx -lmpi -lstdc++ -lm -lgcc_s -lgcc -lpthread -lc -lgcc_s -lgcc /usr/lib/gcc/x86_64-redhat-linux/4.8.3/crtend.o /usr/lib/gcc/x86_64-redhat-linux/4.8.3/../../../../lib64/crtn.o]
    arg [/usr/libexec/gcc/x86_64-redhat-linux/4.8.3/collect2] ==> ignore
    arg [--build-id] ==> ignore
    arg [--no-add-needed] ==> ignore
    arg [--eh-frame-hdr] ==> ignore
    arg [--hash-style=gnu] ==> ignore
    arg [-m] ==> ignore
    arg [elf_x86_64] ==> ignore
    arg [-export-dynamic] ==> ignore
    arg [-dynamic-linker] ==> ignore
    arg [/lib64/ld-linux-x86-64.so.2] ==> ignore
    arg [-o] ==> ignore
    arg [cmTryCompileExec2546607637] ==> ignore
    arg [/usr/lib/gcc/x86_64-redhat-linux/4.8.3/../../../../lib64/crt1.o] ==> ignore
    arg [/usr/lib/gcc/x86_64-redhat-linux/4.8.3/../../../../lib64/crti.o] ==> ignore
    arg [/usr/lib/gcc/x86_64-redhat-linux/4.8.3/crtbegin.o] ==> ignore
    arg [-L/workspace/Library/OpenMPI/Install/lib] ==> dir [/workspace/Library/OpenMPI/Install/lib]
    arg [-L/usr/lib/gcc/x86_64-redhat-linux/4.8.3] ==> dir [/usr/lib/gcc/x86_64-redhat-linux/4.8.3]
    arg [-L/usr/lib/gcc/x86_64-redhat-linux/4.8.3/../../../../lib64] ==> dir [/usr/lib/gcc/x86_64-redhat-linux/4.8.3/../../../../lib64]
    arg [-L/lib/../lib64] ==> dir [/lib/../lib64]
    arg [-L/usr/lib/../lib64] ==> dir [/usr/lib/../lib64]
    arg [-L/usr/lib/gcc/x86_64-redhat-linux/4.8.3/../../..] ==> dir [/usr/lib/gcc/x86_64-redhat-linux/4.8.3/../../..]
    arg [CMakeFiles/cmTryCompileExec2546607637.dir/CMakeCXXCompilerABI.cpp.o] ==> ignore
    arg [-rpath] ==> ignore
    arg [/workspace/Library/OpenMPI/Install/lib] ==> ignore
    arg [--enable-new-dtags] ==> ignore
    arg [-lmpi_cxx] ==> lib [mpi_cxx]
    arg [-lmpi] ==> lib [mpi]
    arg [-lstdc++] ==> lib [stdc++]
    arg [-lm] ==> lib [m]
    arg [-lgcc_s] ==> lib [gcc_s]
    arg [-lgcc] ==> lib [gcc]
    arg [-lpthread] ==> lib [pthread]
    arg [-lc] ==> lib [c]
    arg [-lgcc_s] ==> lib [gcc_s]
    arg [-lgcc] ==> lib [gcc]
    arg [/usr/lib/gcc/x86_64-redhat-linux/4.8.3/crtend.o] ==> ignore
    arg [/usr/lib/gcc/x86_64-redhat-linux/4.8.3/../../../../lib64/crtn.o] ==> ignore
  remove lib [gcc_s]
  remove lib [gcc]
  remove lib [gcc_s]
  remove lib [gcc]
  collapse library dir [/workspace/Library/OpenMPI/Install/lib] ==> [/workspace/Library/OpenMPI/Install/lib]
  collapse library dir [/usr/lib/gcc/x86_64-redhat-linux/4.8.3] ==> [/usr/lib/gcc/x86_64-redhat-linux/4.8.3]
  collapse library dir [/usr/lib/gcc/x86_64-redhat-linux/4.8.3/../../../../lib64] ==> [/usr/lib64]
  collapse library dir [/lib/../lib64] ==> [/lib64]
  collapse library dir [/usr/lib/../lib64] ==> [/usr/lib64]
  collapse library dir [/usr/lib/gcc/x86_64-redhat-linux/4.8.3/../../..] ==> [/usr/lib]
  implicit libs: [mpi_cxx;mpi;stdc++;m;pthread;c]
  implicit dirs: [/workspace/Library/OpenMPI/Install/lib;/usr/lib/gcc/x86_64-redhat-linux/4.8.3;/usr/lib64;/lib64;/usr/lib]
  implicit fwks: []


